<?xml version="1.0" encoding="UTF-8"?>
<testsuite xmlns:xsi="http://www.w3.org/2001/XMLSchema-instance" xsi:noNamespaceSchemaLocation="https://maven.apache.org/surefire/maven-surefire-plugin/xsd/surefire-test-report-3.0.xsd" version="3.0" name="runners.WebBaseRunner" time="25.394" tests="2" errors="0" skipped="0" failures="0">
  <properties>
[...]
</properties>
  <testcase name="Buscar hora oficial" classname="Buscar en Google" time="9.573">
    <system-out><![CDATA[
@regression
Scenario Outline: Buscar hora oficial                 &amp#27;[90m# src/test/resources/features/test/BuscarGoogle.feature:12&amp#27;[0m
Driver Context Navegador: Chrome /Url: https://www.google.cl/

Sistema operativo ->windows 10 10.0

Chrome
Se selecciona Chrome
  &amp#27;[32mGiven &amp#27;[0m&amp#27;[32mingreso a la aplicacion web y navego a la url&amp#27;[0m &amp#27;[90m# definitions.BuscarGoogle.ingreso_a_la_aplicacion_web_y_navego_a_la_url()&amp#27;[0m

    Embedding [SUCCESS] Step ScreenShots [image/png 29381 bytes]

  &amp#27;[32mWhen &amp#27;[0m&amp#27;[32mingreso el contenido a buscar &amp#27;[0m&amp#27;[32m&amp#27;[1m"Hora Oficial"&amp#27;[0m   &amp#27;[90m# definitions.BuscarGoogle.ingreso_contenido_buscar(java.lang.String)&amp#27;[0m

    Embedding [SUCCESS] Step ScreenShots [image/png 54880 bytes]

  &amp#27;[32mThen &amp#27;[0m&amp#27;[32maparece la hora oficial actual&amp#27;[0m                 &amp#27;[90m# definitions.BuscarGoogle.aparece_la_hora_oficial_actual()&amp#27;[0m

    Embedding [SUCCESS] Step ScreenShots [image/png 54880 bytes]

]]></system-out>
    <system-err><![CDATA[SLF4J: Failed to load class "org.slf4j.impl.StaticLoggerBinder".
SLF4J: Defaulting to no-operation (NOP) logger implementation
SLF4J: See http://www.slf4j.org/codes.html#StaticLoggerBinder for further details.
Starting ChromeDriver 100.0.4896.60 (6a5d10861ce8de5fce22564658033b43cb7de047-refs/branch-heads/4896@{#875}) on port 64487
Only local connections are allowed.
Please see https://chromedriver.chromium.org/security-considerations for suggestions on keeping ChromeDriver safe.
ChromeDriver was started successfully.
abr 13, 2022 3:57:07 PM org.openqa.selenium.remote.ProtocolHandshake createSession
INFORMACIÓN: Detected dialect: W3C
abr 13, 2022 3:57:07 PM org.openqa.selenium.devtools.CdpVersionFinder findNearestMatch
ADVERTENCIA: Unable to find an exact match for CDP version 100, so returning the closest version found: 96
abr 13, 2022 3:57:07 PM org.openqa.selenium.devtools.CdpVersionFinder findNearestMatch
INFORMACIÓN: Found CDP implementation for version 100 of 96
]]></system-err>
  </testcase>
  <testcase name="Ingresar login" classname="Ingresar a login consorcio" time="11.018">
    <system-out><![CDATA[
@regression
Scenario Outline: Ingresar login                                   &amp#27;[90m# src/test/resources/features/test/ConsorcioHome.feature:13&amp#27;[0m
Driver Context Navegador: Chrome /Url: https://www.google.cl/

Sistema operativo ->windows 10 10.0

Chrome
Se selecciona Chrome
  &amp#27;[32mGiven &amp#27;[0m&amp#27;[32mingreso a la aplicacion web y navego a la url de consorcio&amp#27;[0m &amp#27;[90m# definitions.ConsorcioHome.ingreso_a_la_aplicacion_web_y_navego_a_la_url_de_consorcio()&amp#27;[0m

    Embedding [SUCCESS] Step ScreenShots [image/png 467738 bytes]

  &amp#27;[32mWhen &amp#27;[0m&amp#27;[32mingreso a tu cuenta&amp#27;[0m                                         &amp#27;[90m# definitions.ConsorcioHome.ingreso_a_tu_cuenta()&amp#27;[0m

    Embedding [SUCCESS] Step ScreenShots [image/png 465070 bytes]

  &amp#27;[32mAnd &amp#27;[0m&amp#27;[32mbanca y seguros&amp#27;[0m                                              &amp#27;[90m# definitions.ConsorcioHome.banca_y_seguros()&amp#27;[0m

    Embedding [SUCCESS] Step ScreenShots [image/png 458226 bytes]

then  &amp#27;[32mThen &amp#27;[0m&amp#27;[32mse visualizan los campos del login &amp#27;[0m&amp#27;[32m&amp#27;[1m"rut"&amp#27;[0m&amp#27;[32m y &amp#27;[0m&amp#27;[32m&amp#27;[1m"clave"&amp#27;[0m          &amp#27;[90m# definitions.ConsorcioHome.se_visualizan_los_campos_del_login(java.lang.String,java.lang.String)&amp#27;[0m

    Embedding [SUCCESS] Step ScreenShots [image/png 436251 bytes]

]]></system-out>
    <system-err><![CDATA[Starting ChromeDriver 100.0.4896.60 (6a5d10861ce8de5fce22564658033b43cb7de047-refs/branch-heads/4896@{#875}) on port 53384
Only local connections are allowed.
Please see https://chromedriver.chromium.org/security-considerations for suggestions on keeping ChromeDriver safe.
ChromeDriver was started successfully.
abr 13, 2022 3:57:13 PM org.openqa.selenium.remote.ProtocolHandshake createSession
INFORMACIÓN: Detected dialect: W3C
abr 13, 2022 3:57:13 PM org.openqa.selenium.devtools.CdpVersionFinder findNearestMatch
ADVERTENCIA: Unable to find an exact match for CDP version 100, so returning the closest version found: 96
abr 13, 2022 3:57:13 PM org.openqa.selenium.devtools.CdpVersionFinder findNearestMatch
INFORMACIÓN: Found CDP implementation for version 100 of 96
]]></system-err>
  </testcase>
</testsuite>